<?xml version="1.0" encoding="UTF-8"?>
<!-- Generated by org.testng.reporters.JUnitReportReporter -->
<testsuite hostname="Akbor" failures="0" tests="1" name="runner.testrunner" time="6.987" errors="0" timestamp="28 Dec 2023 22:50:53 GMT" skipped="0">
  <testcase classname="runner.testrunner" name="runScenario" time="6.987"/>
</testsuite> <!-- runner.testrunner -->
