<?xml version="1.0" encoding="UTF-8"?>
<!-- Generated by org.testng.reporters.JUnitReportReporter -->
<testsuite hostname="Akbor" failures="0" tests="1" name="runner.testrunner" time="4.632" errors="0" timestamp="20 Jan 2024 20:03:58 GMT" skipped="0">
  <testcase classname="runner.testrunner" name="runScenario" time="4.632"/>
</testsuite> <!-- runner.testrunner -->
